#
# There is insufficient memory for the Java Runtime Environment to continue.
# Native memory allocation (malloc) failed to allocate 1558416 bytes for Chunk::new
# Possible reasons:
#   The system is out of physical RAM or swap space
#   In 32 bit mode, the process size limit was hit
# Possible solutions:
#   Reduce memory load on the system
#   Increase physical memory or swap space
#   Check if swap backing store is full
#   Use 64 bit Java on a 64 bit OS
#   Decrease Java heap size (-Xmx/-Xms)
#   Decrease number of Java threads
#   Decrease Java thread stack sizes (-Xss)
#   Set larger code cache with -XX:ReservedCodeCacheSize=
# This output file may be truncated or incomplete.
#
#  Out of Memory Error (allocation.cpp:390), pid=320612, tid=0x000000000004e5d4
#
# JRE version: Java(TM) SE Runtime Environment (8.0_131-b11) (build 1.8.0_131-b11)
# Java VM: Java HotSpot(TM) 64-Bit Server VM (25.131-b11 mixed mode windows-amd64 compressed oops)
# Failed to write core dump. Minidumps are not enabled by default on client versions of Windows
#

---------------  T H R E A D  ---------------

Current thread (0x0000000014b20000):  JavaThread "C2 CompilerThread0" daemon [_thread_in_native, id=320980, stack(0x0000000016460000,0x0000000016560000)]

Stack: [0x0000000016460000,0x0000000016560000]
[error occurred during error reporting (printing stack bounds), id 0xc0000005]

Native frames: (J=compiled Java code, j=interpreted, Vv=VM code, C=native code)


Current CompileTask:
C2:2100474 18938       4       sun.reflect.generics.parser.SignatureParser::parsePackageNameAndSimpleClassTypeSignature (139 bytes)


---------------  P R O C E S S  ---------------

Java Threads: ( => current thread )
  0x000000001af8f000 JavaThread "GC Daemon" daemon [_thread_blocked, id=325044, stack(0x0000000025290000,0x0000000025390000)]
  0x000000001af8b800 JavaThread "RMI RenewClean-[127.0.0.1:17211,org.jetbrains.kotlin.daemon.common.LoopbackNetworkInterface$ClientLoopbackSocketFactory@2d46c30c]" daemon [_thread_blocked, id=325052, stack(0x0000000025190000,0x0000000025290000)]
  0x000000001af8d800 JavaThread "RMI Scheduler(0)" daemon [_thread_blocked, id=325040, stack(0x0000000024040000,0x0000000024140000)]
  0x000000001af83000 JavaThread "ForkJoinPool.commonPool-worker-2" daemon [_thread_blocked, id=325352, stack(0x0000000023f40000,0x0000000024040000)]
  0x000000001af89000 JavaThread "Cache worker for Java compile cache (F:\BS\EducationApp\android\.gradle\5.5\javaCompile)" [_thread_blocked, id=325292, stack(0x0000000023c40000,0x0000000023d40000)]
  0x000000001be4c800 JavaThread "Cache worker for execution history cache (F:\BS\EducationApp\android\.gradle\5.5\executionHistory)" [_thread_blocked, id=325184, stack(0x0000000023540000,0x0000000023640000)]
  0x000000001be4b000 JavaThread "Execution worker for ':' Thread 3" [_thread_blocked, id=325148, stack(0x0000000023310000,0x0000000023410000)]
  0x000000001be4a800 JavaThread "Execution worker for ':' Thread 2" [_thread_blocked, id=325144, stack(0x0000000023010000,0x0000000023110000)]
  0x000000001be49800 JavaThread "Execution worker for ':'" [_thread_blocked, id=325140, stack(0x0000000022b10000,0x0000000022c10000)]
  0x000000001be4d800 JavaThread "Cache worker for file content cache (F:\BS\EducationApp\android\.gradle\5.5\fileContent)" [_thread_blocked, id=324816, stack(0x0000000022810000,0x0000000022910000)]
  0x000000001be4f800 JavaThread "pool-5-thread-1" [_thread_blocked, id=323268, stack(0x0000000022710000,0x0000000022810000)]
  0x000000001be4e000 JavaThread "Cache worker for Build Output Cleanup Cache (F:\BS\EducationApp\android\.gradle\buildOutputCleanup)" [_thread_blocked, id=321748, stack(0x0000000022110000,0x0000000022210000)]
  0x000000001be4f000 JavaThread "Build operations Thread 4" [_thread_blocked, id=324252, stack(0x0000000020c70000,0x0000000020d70000)]
  0x000000001be4c000 JavaThread "Build operations Thread 3" [_thread_blocked, id=322320, stack(0x000000001fd70000,0x000000001fe70000)]
  0x000000001be42000 JavaThread "Build operations Thread 2" [_thread_blocked, id=312216, stack(0x000000001fc70000,0x000000001fd70000)]
  0x000000001be48000 JavaThread "Build operations" [_thread_blocked, id=324056, stack(0x000000001fb70000,0x000000001fc70000)]
  0x000000001be49000 JavaThread "Cache worker for cache directory md-rule (C:\Users\97016\.gradle\caches\5.5\md-rule)" [_thread_blocked, id=317472, stack(0x000000001fa70000,0x000000001fb70000)]
  0x000000001be40800 JavaThread "Cache worker for cache directory md-supplier (C:\Users\97016\.gradle\caches\5.5\md-supplier)" [_thread_blocked, id=324264, stack(0x000000001cbf0000,0x000000001ccf0000)]
  0x000000001be46800 JavaThread "Cache worker for file hash cache (F:\BS\EducationApp\android\.gradle\5.5\fileHashes)" [_thread_blocked, id=324004, stack(0x000000001c850000,0x000000001c950000)]
  0x000000001be46000 JavaThread "Thread-92" [_thread_blocked, id=324144, stack(0x000000001c750000,0x000000001c850000)]
  0x000000001be44000 JavaThread "Stdin handler" [_thread_blocked, id=249964, stack(0x0000000018ee0000,0x0000000018fe0000)]
  0x000000001be45000 JavaThread "Asynchronous log dispatcher for DefaultDaemonConnection: socket connection from /127.0.0.1:53015 to /127.0.0.1:54184" [_thread_blocked, id=324344, stack(0x0000000018be0000,0x0000000018ce0000)]
  0x000000001be42800 JavaThread "Cancel handler" [_thread_blocked, id=323592, stack(0x0000000018ae0000,0x0000000018be0000)]
  0x000000001be47800 JavaThread "Handler for socket connection from /127.0.0.1:53015 to /127.0.0.1:54184" [_thread_in_native, id=324596, stack(0x00000000187e0000,0x00000000188e0000)]
  0x0000000017827800 JavaThread "Cache worker for Java compile cache (C:\Users\97016\.gradle\caches\5.5\javaCompile)" [_thread_blocked, id=323628, stack(0x0000000023440000,0x0000000023540000)]
  0x000000001af8a800 JavaThread "Daemon worker Thread 2" [_thread_in_native, id=322752, stack(0x00000000186e0000,0x00000000187e0000)]
  0x000000001af88000 JavaThread "Daemon Thread 2" [_thread_blocked, id=322612, stack(0x00000000015e0000,0x00000000016e0000)]
  0x000000001af8a000 JavaThread "Device List Monitor" [_thread_in_native, id=240588, stack(0x0000000022f10000,0x0000000023010000)]
  0x000000001af87800 JavaThread "Monitor" [_thread_in_native, id=318232, stack(0x0000000022e10000,0x0000000022f10000)]
  0x0000000019cd8800 JavaThread "Cache worker for file content cache (C:\Users\97016\.gradle\caches\5.5\fileContent)" [_thread_blocked, id=257988, stack(0x0000000022410000,0x0000000022510000)]
  0x0000000019cd9000 JavaThread "Memory manager" [_thread_blocked, id=321440, stack(0x0000000021a10000,0x0000000021b10000)]
  0x0000000019ccf800 JavaThread "Cache worker for execution history cache (C:\Users\97016\.gradle\caches\5.5\executionHistory)" [_thread_blocked, id=318008, stack(0x000000001f770000,0x000000001f870000)]
  0x0000000017827000 JavaThread "Cache worker for journal cache (C:\Users\97016\.gradle\caches\journal-1)" [_thread_blocked, id=316972, stack(0x00000000191e0000,0x00000000192e0000)]
  0x000000001782d000 JavaThread "File lock request listener" [_thread_in_native, id=319660, stack(0x00000000190e0000,0x00000000191e0000)]
  0x000000001782d800 JavaThread "Cache worker for file hash cache (C:\Users\97016\.gradle\caches\5.5\fileHashes)" [_thread_blocked, id=318424, stack(0x0000000018fe0000,0x00000000190e0000)]
  0x00000000179ed000 JavaThread "Daemon periodic checks" [_thread_blocked, id=283360, stack(0x00000000185e0000,0x00000000186e0000)]
  0x00000000179ea800 JavaThread "Incoming local TCP Connector on port 53015" [_thread_in_native, id=318528, stack(0x0000000018430000,0x0000000018530000)]
  0x0000000017098800 JavaThread "Daemon health stats" [_thread_blocked, id=318556, stack(0x0000000018130000,0x0000000018230000)]
  0x0000000015ee4000 JavaThread "Service Thread" daemon [_thread_blocked, id=247972, stack(0x0000000016760000,0x0000000016860000)]
  0x0000000015e6f800 JavaThread "C1 CompilerThread2" daemon [_thread_blocked, id=173108, stack(0x0000000016660000,0x0000000016760000)]
  0x0000000014b6c800 JavaThread "C2 CompilerThread1" daemon [_thread_in_native, id=320964, stack(0x0000000016560000,0x0000000016660000)]
=>0x0000000014b20000 JavaThread "C2 CompilerThread0" daemon [_thread_in_native, id=320980, stack(0x0000000016460000,0x0000000016560000)]
  0x0000000014b1f000 JavaThread "Attach Listener" daemon [_thread_blocked, id=316624, stack(0x0000000016360000,0x0000000016460000)]
  0x0000000014b09800 JavaThread "Signal Dispatcher" daemon [_thread_blocked, id=320676, stack(0x0000000016260000,0x0000000016360000)]
  0x0000000014afa000 JavaThread "Finalizer" daemon [_thread_blocked, id=320368, stack(0x0000000015d60000,0x0000000015e60000)]
  0x0000000003790800 JavaThread "Reference Handler" daemon [_thread_blocked, id=320796, stack(0x0000000015c60000,0x0000000015d60000)]
  0x00000000036a0800 JavaThread "main" [_thread_blocked, id=266900, stack(0x00000000035a0000,0x00000000036a0000)]

Other Threads:
  0x0000000014ad8800 VMThread [stack: 0x0000000015b60000,0x0000000015c60000] [id=320660]
  0x0000000015f20800 WatcherThread [stack: 0x0000000016860000,0x0000000016960000] [id=320536]

VM state:not at safepoint (normal execution)

VM Mutex/Monitor currently owned by a thread: None

Heap:
 PSYoungGen      total 119808K, used 101598K [0x00000000f5580000, 0x0000000100000000, 0x0000000100000000)
  eden space 74240K, 82% used [0x00000000f5580000,0x00000000f9150f78,0x00000000f9e00000)
  from space 45568K, 88% used [0x00000000fd380000,0x00000000ffae6ba8,0x0000000100000000)
  to   space 50176K, 0% used [0x00000000f9e00000,0x00000000f9e00000,0x00000000fcf00000)
 ParOldGen       total 196096K, used 64094K [0x00000000e0000000, 0x00000000ebf80000, 0x00000000f5580000)
  object space 196096K, 32% used [0x00000000e0000000,0x00000000e3e97978,0x00000000ebf80000)
 Metaspace       used 93254K, capacity 97881K, committed 98048K, reserved 1134592K
  class space    used 12088K, capacity 13027K, committed 13056K, reserved 1048576K

Card table byte_map: [0x0000000012b60000,0x0000000012c70000] byte_map_base: 0x0000000012460000

Marking Bits: (ParMarkBitMap*) 0x000000006a26c720
 Begin Bits: [0x0000000013070000, 0x0000000013870000)
 End Bits:   [0x0000000013870000, 0x0000000014070000)

Polling page: 0x0000000001490000

CodeCache: size=245760Kb used=55726Kb max_used=56059Kb free=190033Kb
 bounds [0x00000000037a0000, 0x0000000006ec0000, 0x00000000127a0000]
 total_blobs=16469 nmethods=15544 adapters=836
 compilation: enabled

Compilation events (10 events):
Event: 2100.376 Thread 0x0000000015e6f800 18972       3       sun.reflect.generics.scope.MethodScope::computeEnclosingScope (8 bytes)
Event: 2100.376 Thread 0x0000000015e6f800 nmethod 18972 0x0000000006376310 code [0x00000000063764a0, 0x0000000006376a50]
Event: 2100.377 Thread 0x0000000015e6f800 18973       3       sun.reflect.generics.scope.MethodScope::getEnclosingClass (11 bytes)
Event: 2100.378 Thread 0x0000000015e6f800 nmethod 18973 0x0000000004f0b650 code [0x0000000004f0b7c0, 0x0000000004f0bb30]
Event: 2100.395 Thread 0x0000000015e6f800 18974       3       org.objectweb.asm.SymbolTable::addMergedType (148 bytes)
Event: 2100.396 Thread 0x0000000015e6f800 nmethod 18974 0x0000000003b37710 code [0x0000000003b378e0, 0x0000000003b37fb8]
Event: 2100.412 Thread 0x0000000015e6f800 18975       3       org.gradle.internal.reflect.annotations.impl.DefaultTypeAnnotationMetadataStore::validateSetterForMutableType (47 bytes)
Event: 2100.414 Thread 0x0000000015e6f800 nmethod 18975 0x0000000004ff2010 code [0x0000000004ff2320, 0x0000000004ff3c28]
Event: 2100.415 Thread 0x0000000015e6f800 18976       2       java.util.TimSort::sort (229 bytes)
Event: 2100.416 Thread 0x0000000015e6f800 nmethod 18976 0x000000000521f7d0 code [0x000000000521f9a0, 0x000000000521fe58]

GC Heap History (10 events):
Event: 2035.321 GC heap before
{Heap before GC invocations=24 (full 4):
 PSYoungGen      total 126976K, used 12092K [0x00000000f5580000, 0x00000000ffc00000, 0x0000000100000000)
  eden space 85504K, 0% used [0x00000000f5580000,0x00000000f5580000,0x00000000fa900000)
  from space 41472K, 29% used [0x00000000fd380000,0x00000000fdf4f350,0x00000000ffc00000)
  to   space 42496K, 0% used [0x00000000fa900000,0x00000000fa900000,0x00000000fd280000)
 ParOldGen       total 196096K, used 109776K [0x00000000e0000000, 0x00000000ebf80000, 0x00000000f5580000)
  object space 196096K, 55% used [0x00000000e0000000,0x00000000e6b34260,0x00000000ebf80000)
 Metaspace       used 90993K, capacity 95498K, committed 95744K, reserved 1132544K
  class space    used 11844K, capacity 12769K, committed 12800K, reserved 1048576K
Event: 2036.126 GC heap after
Heap after GC invocations=24 (full 4):
 PSYoungGen      total 126976K, used 0K [0x00000000f5580000, 0x00000000ffc00000, 0x0000000100000000)
  eden space 85504K, 0% used [0x00000000f5580000,0x00000000f5580000,0x00000000fa900000)
  from space 41472K, 0% used [0x00000000fd380000,0x00000000fd380000,0x00000000ffc00000)
  to   space 42496K, 0% used [0x00000000fa900000,0x00000000fa900000,0x00000000fd280000)
 ParOldGen       total 196096K, used 64070K [0x00000000e0000000, 0x00000000ebf80000, 0x00000000f5580000)
  object space 196096K, 32% used [0x00000000e0000000,0x00000000e3e91978,0x00000000ebf80000)
 Metaspace       used 90753K, capacity 95048K, committed 95744K, reserved 1132544K
  class space    used 11794K, capacity 12680K, committed 12800K, reserved 1048576K
}
Event: 2086.209 GC heap before
{Heap before GC invocations=25 (full 4):
 PSYoungGen      total 126976K, used 85504K [0x00000000f5580000, 0x00000000ffc00000, 0x0000000100000000)
  eden space 85504K, 100% used [0x00000000f5580000,0x00000000fa900000,0x00000000fa900000)
  from space 41472K, 0% used [0x00000000fd380000,0x00000000fd380000,0x00000000ffc00000)
  to   space 42496K, 0% used [0x00000000fa900000,0x00000000fa900000,0x00000000fd280000)
 ParOldGen       total 196096K, used 64070K [0x00000000e0000000, 0x00000000ebf80000, 0x00000000f5580000)
  object space 196096K, 32% used [0x00000000e0000000,0x00000000e3e91978,0x00000000ebf80000)
 Metaspace       used 91032K, capacity 95402K, committed 96128K, reserved 1132544K
  class space    used 11804K, capacity 12723K, committed 12928K, reserved 1048576K
Event: 2086.232 GC heap after
Heap after GC invocations=25 (full 4):
 PSYoungGen      total 128000K, used 14779K [0x00000000f5580000, 0x00000000fff00000, 0x0000000100000000)
  eden space 85504K, 0% used [0x00000000f5580000,0x00000000f5580000,0x00000000fa900000)
  from space 42496K, 34% used [0x00000000fa900000,0x00000000fb76edb0,0x00000000fd280000)
  to   space 41472K, 0% used [0x00000000fd680000,0x00000000fd680000,0x00000000fff00000)
 ParOldGen       total 196096K, used 64078K [0x00000000e0000000, 0x00000000ebf80000, 0x00000000f5580000)
  object space 196096K, 32% used [0x00000000e0000000,0x00000000e3e93978,0x00000000ebf80000)
 Metaspace       used 91032K, capacity 95402K, committed 96128K, reserved 1132544K
  class space    used 11804K, capacity 12723K, committed 12928K, reserved 1048576K
}
Event: 2088.904 GC heap before
{Heap before GC invocations=26 (full 4):
 PSYoungGen      total 128000K, used 100283K [0x00000000f5580000, 0x00000000fff00000, 0x0000000100000000)
  eden space 85504K, 100% used [0x00000000f5580000,0x00000000fa900000,0x00000000fa900000)
  from space 42496K, 34% used [0x00000000fa900000,0x00000000fb76edb0,0x00000000fd280000)
  to   space 41472K, 0% used [0x00000000fd680000,0x00000000fd680000,0x00000000fff00000)
 ParOldGen       total 196096K, used 64078K [0x00000000e0000000, 0x00000000ebf80000, 0x00000000f5580000)
  object space 196096K, 32% used [0x00000000e0000000,0x00000000e3e93978,0x00000000ebf80000)
 Metaspace       used 91125K, capacity 95456K, committed 96128K, reserved 1132544K
  class space    used 11809K, capacity 12732K, committed 12928K, reserved 1048576K
Event: 2089.026 GC heap after
Heap after GC invocations=26 (full 4):
 PSYoungGen      total 131584K, used 26621K [0x00000000f5580000, 0x0000000100000000, 0x0000000100000000)
  eden space 90112K, 0% used [0x00000000f5580000,0x00000000f5580000,0x00000000fad80000)
  from space 41472K, 64% used [0x00000000fd680000,0x00000000ff07f578,0x00000000fff00000)
  to   space 41984K, 0% used [0x00000000fad80000,0x00000000fad80000,0x00000000fd680000)
 ParOldGen       total 196096K, used 64086K [0x00000000e0000000, 0x00000000ebf80000, 0x00000000f5580000)
  object space 196096K, 32% used [0x00000000e0000000,0x00000000e3e95978,0x00000000ebf80000)
 Metaspace       used 91125K, capacity 95456K, committed 96128K, reserved 1132544K
  class space    used 11809K, capacity 12732K, committed 12928K, reserved 1048576K
}
Event: 2092.368 GC heap before
{Heap before GC invocations=27 (full 4):
 PSYoungGen      total 131584K, used 116733K [0x00000000f5580000, 0x0000000100000000, 0x0000000100000000)
  eden space 90112K, 100% used [0x00000000f5580000,0x00000000fad80000,0x00000000fad80000)
  from space 41472K, 64% used [0x00000000fd680000,0x00000000ff07f578,0x00000000fff00000)
  to   space 41984K, 0% used [0x00000000fad80000,0x00000000fad80000,0x00000000fd680000)
 ParOldGen       total 196096K, used 64086K [0x00000000e0000000, 0x00000000ebf80000, 0x00000000f5580000)
  object space 196096K, 32% used [0x00000000e0000000,0x00000000e3e95978,0x00000000ebf80000)
 Metaspace       used 91320K, capacity 95730K, committed 96384K, reserved 1132544K
  class space    used 11811K, capacity 12735K, committed 12928K, reserved 1048576K
Event: 2092.433 GC heap after
Heap after GC invocations=27 (full 4):
 PSYoungGen      total 126464K, used 35849K [0x00000000f5580000, 0x0000000100000000, 0x0000000100000000)
  eden space 90112K, 0% used [0x00000000f5580000,0x00000000f5580000,0x00000000fad80000)
  from space 36352K, 98% used [0x00000000fad80000,0x00000000fd082590,0x00000000fd100000)
  to   space 45568K, 0% used [0x00000000fd380000,0x00000000fd380000,0x0000000100000000)
 ParOldGen       total 196096K, used 64086K [0x00000000e0000000, 0x00000000ebf80000, 0x00000000f5580000)
  object space 196096K, 32% used [0x00000000e0000000,0x00000000e3e95978,0x00000000ebf80000)
 Metaspace       used 91320K, capacity 95730K, committed 96384K, reserved 1132544K
  class space    used 11811K, capacity 12735K, committed 12928K, reserved 1048576K
}
Event: 2095.635 GC heap before
{Heap before GC invocations=28 (full 4):
 PSYoungGen      total 126464K, used 125961K [0x00000000f5580000, 0x0000000100000000, 0x0000000100000000)
  eden space 90112K, 100% used [0x00000000f5580000,0x00000000fad80000,0x00000000fad80000)
  from space 36352K, 98% used [0x00000000fad80000,0x00000000fd082590,0x00000000fd100000)
  to   space 45568K, 0% used [0x00000000fd380000,0x00000000fd380000,0x0000000100000000)
 ParOldGen       total 196096K, used 64086K [0x00000000e0000000, 0x00000000ebf80000, 0x00000000f5580000)
  object space 196096K, 32% used [0x00000000e0000000,0x00000000e3e95978,0x00000000ebf80000)
 Metaspace       used 91489K, capacity 95940K, committed 96384K, reserved 1132544K
  class space    used 11818K, capacity 12748K, committed 12928K, reserved 1048576K
Event: 2095.702 GC heap after
Heap after GC invocations=28 (full 4):
 PSYoungGen      total 119808K, used 40346K [0x00000000f5580000, 0x0000000100000000, 0x0000000100000000)
  eden space 74240K, 0% used [0x00000000f5580000,0x00000000f5580000,0x00000000f9e00000)
  from space 45568K, 88% used [0x00000000fd380000,0x00000000ffae6ba8,0x0000000100000000)
  to   space 50176K, 0% used [0x00000000f9e00000,0x00000000f9e00000,0x00000000fcf00000)
 ParOldGen       total 196096K, used 64094K [0x00000000e0000000, 0x00000000ebf80000, 0x00000000f5580000)
  object space 196096K, 32% used [0x00000000e0000000,0x00000000e3e97978,0x00000000ebf80000)
 Metaspace       used 91489K, capacity 95940K, committed 96384K, reserved 1132544K
  class space    used 11818K, capacity 12748K, committed 12928K, reserved 1048576K
}

Deoptimization events (10 events):
Event: 2100.022 Thread 0x000000001af8a800 Uncommon trap: reason=array_check action=maybe_recompile pc=0x0000000003d6e584 method=java.util.TimSort.binarySort([Ljava/lang/Object;IIILjava/util/Comparator;)V @ 193
Event: 2100.025 Thread 0x000000001af8a800 Uncommon trap: reason=class_check action=maybe_recompile pc=0x00000000061d6cb0 method=com.google.common.collect.SortedIterables.hasSameComparator(Ljava/util/Comparator;Ljava/lang/Iterable;)Z @ 11
Event: 2100.050 Thread 0x000000001af8a800 Uncommon trap: reason=class_check action=maybe_recompile pc=0x00000000061d6cb0 method=com.google.common.collect.SortedIterables.hasSameComparator(Ljava/util/Comparator;Ljava/lang/Iterable;)Z @ 11
Event: 2100.053 Thread 0x000000001af8a800 Uncommon trap: reason=unstable_if action=reinterpret pc=0x0000000004382704 method=java.lang.ref.SoftReference.get()Ljava/lang/Object; @ 6
Event: 2100.068 Thread 0x000000001af8a800 Uncommon trap: reason=class_check action=maybe_recompile pc=0x0000000005e20ad0 method=com.google.common.collect.SortedIterables.hasSameComparator(Ljava/util/Comparator;Ljava/lang/Iterable;)Z @ 11
Event: 2100.272 Thread 0x000000001af8a800 Uncommon trap: reason=unstable_if action=reinterpret pc=0x0000000005a17f68 method=java.lang.ref.SoftReference.get()Ljava/lang/Object; @ 6
Event: 2100.346 Thread 0x000000001af8a800 Uncommon trap: reason=unstable_if action=reinterpret pc=0x0000000005022cac method=org.objectweb.asm.Type.getType(Ljava/lang/Class;)Lorg/objectweb/asm/Type; @ 33
Event: 2100.346 Thread 0x000000001af8a800 Uncommon trap: reason=unstable_if action=reinterpret pc=0x0000000006729584 method=org.objectweb.asm.Type.getArgumentsAndReturnSizes(Ljava/lang/String;)I @ 109
Event: 2100.346 Thread 0x000000001af8a800 Uncommon trap: reason=unstable_if action=reinterpret pc=0x00000000042bee18 method=org.objectweb.asm.Type.getArgumentsAndReturnSizes(Ljava/lang/String;)I @ 109
Event: 2100.346 Thread 0x000000001af8a800 Uncommon trap: reason=unstable_if action=reinterpret pc=0x0000000004b1f0c0 method=org.objectweb.asm.Type.getArgumentsAndReturnSizes(Ljava/lang/String;)I @ 19

Internal exceptions (10 events):
Event: 2099.836 Thread 0x000000001af8a800 Exception <a 'java/lang/NoSuchMethodError': <clinit>> (0x00000000f78b1168) thrown at [C:\re\workspace\8-2-build-windows-amd64-cygwin\jdk8u131\8869\hotspot\src\share\vm\prims\jni.cpp, line 1613]
Event: 2099.840 Thread 0x000000001af8a800 Exception <a 'java/lang/NoSuchMethodError': <clinit>> (0x00000000f78f6f08) thrown at [C:\re\workspace\8-2-build-windows-amd64-cygwin\jdk8u131\8869\hotspot\src\share\vm\prims\jni.cpp, line 1613]
Event: 2099.890 Thread 0x000000001af8b800 Exception <a 'java/lang/InterruptedException'> (0x00000000f7978ee8) thrown at [C:\re\workspace\8-2-build-windows-amd64-cygwin\jdk8u131\8869\hotspot\src\share\vm\runtime\objectMonitor.cpp, line 1684]
Event: 2099.913 Thread 0x000000001af8a800 Exception <a 'java/lang/NoSuchMethodError': <clinit>> (0x00000000f79694f8) thrown at [C:\re\workspace\8-2-build-windows-amd64-cygwin\jdk8u131\8869\hotspot\src\share\vm\prims\jni.cpp, line 1613]
Event: 2099.914 Thread 0x000000001af8a800 Exception <a 'java/lang/NoSuchMethodError': <clinit>> (0x00000000f798f3e0) thrown at [C:\re\workspace\8-2-build-windows-amd64-cygwin\jdk8u131\8869\hotspot\src\share\vm\prims\jni.cpp, line 1613]
Event: 2099.916 Thread 0x000000001af8a800 Exception <a 'java/lang/NoSuchMethodError': <clinit>> (0x00000000f79a7740) thrown at [C:\re\workspace\8-2-build-windows-amd64-cygwin\jdk8u131\8869\hotspot\src\share\vm\prims\jni.cpp, line 1613]
Event: 2099.931 Thread 0x000000001af8a800 Exception <a 'java/lang/NoSuchMethodError': <clinit>> (0x00000000f79f1358) thrown at [C:\re\workspace\8-2-build-windows-amd64-cygwin\jdk8u131\8869\hotspot\src\share\vm\prims\jni.cpp, line 1613]
Event: 2099.996 Thread 0x000000001af8a800 Implicit null exception at 0x00000000043a3e8d to 0x00000000043abc0d
Event: 2099.998 Thread 0x000000001af8a800 Implicit null exception at 0x0000000005010382 to 0x0000000005013109
Event: 2100.053 Thread 0x000000001af8a800 Implicit null exception at 0x000000000437a7f4 to 0x00000000043826d1

Events (10 events):
Event: 2100.423 loading class com/android/build/gradle/internal/res/namespaced/Aapt2ServiceKey
Event: 2100.423 loading class com/android/build/gradle/internal/res/namespaced/Aapt2ServiceKey done
Event: 2100.424 loading class com/android/builder/internal/aapt/AaptPackageConfig
Event: 2100.424 loading class com/android/builder/internal/aapt/AaptPackageConfig done
Event: 2100.426 loading class kotlin/jvm/JvmStatic
Event: 2100.426 loading class kotlin/jvm/JvmStatic done
Event: 2100.426 loading class kotlin/jvm/JvmStatic
Event: 2100.426 loading class kotlin/jvm/JvmStatic done
Event: 2100.428 loading class com/android/build/gradle/tasks/VerifyLibraryResourcesTask$Companion
Event: 2100.428 loading class com/android/build/gradle/tasks/VerifyLibraryResourcesTask$Companion done


Dynamic libraries:
0x00007ff710070000 - 0x00007ff7100a7000 	F:\JDK\bin\java.exe
0x00007ff95d080000 - 0x00007ff95d270000 	C:\WINDOWS\SYSTEM32\ntdll.dll
0x00007ff95b780000 - 0x00007ff95b832000 	C:\WINDOWS\System32\KERNEL32.DLL
0x00007ff95ac10000 - 0x00007ff95aeb3000 	C:\WINDOWS\System32\KERNELBASE.dll
0x00007ff95bab0000 - 0x00007ff95bb53000 	C:\WINDOWS\System32\ADVAPI32.dll
0x00007ff95cc90000 - 0x00007ff95cd2e000 	C:\WINDOWS\System32\msvcrt.dll
0x00007ff95b6e0000 - 0x00007ff95b777000 	C:\WINDOWS\System32\sechost.dll
0x00007ff95b840000 - 0x00007ff95b960000 	C:\WINDOWS\System32\RPCRT4.dll
0x00007ff95caf0000 - 0x00007ff95cc84000 	C:\WINDOWS\System32\USER32.dll
0x00007ff95a210000 - 0x00007ff95a231000 	C:\WINDOWS\System32\win32u.dll
0x00007ff95ca60000 - 0x00007ff95ca86000 	C:\WINDOWS\System32\GDI32.dll
0x00007ff95af90000 - 0x00007ff95b124000 	C:\WINDOWS\System32\gdi32full.dll
0x00007ff95a3f0000 - 0x00007ff95a48e000 	C:\WINDOWS\System32\msvcp_win.dll
0x00007ff95a2f0000 - 0x00007ff95a3ea000 	C:\WINDOWS\System32\ucrtbase.dll
0x00007ff944760000 - 0x00007ff9449e5000 	C:\WINDOWS\WinSxS\amd64_microsoft.windows.common-controls_6595b64144ccf1df_6.0.18362.476_none_e6c4b11b130f2595\COMCTL32.dll
0x00007ff95c350000 - 0x00007ff95c686000 	C:\WINDOWS\System32\combase.dll
0x00007ff95af10000 - 0x00007ff95af90000 	C:\WINDOWS\System32\bcryptPrimitives.dll
0x00007ff95b1e0000 - 0x00007ff95b20e000 	C:\WINDOWS\System32\IMM32.DLL
0x000000006af10000 - 0x000000006afe2000 	F:\JDK\jre\bin\msvcr100.dll
0x0000000069a50000 - 0x000000006a2ec000 	F:\JDK\jre\bin\server\jvm.dll
0x00007ff95c7d0000 - 0x00007ff95c7d8000 	C:\WINDOWS\System32\PSAPI.DLL
0x00007ff948b10000 - 0x00007ff948b19000 	C:\WINDOWS\SYSTEM32\WSOCK32.dll
0x00007ff94bff0000 - 0x00007ff94c014000 	C:\WINDOWS\SYSTEM32\WINMM.dll
0x00007ff95bb90000 - 0x00007ff95bbff000 	C:\WINDOWS\System32\WS2_32.dll
0x00007ff94f130000 - 0x00007ff94f13a000 	C:\WINDOWS\SYSTEM32\VERSION.dll
0x00007ff94bda0000 - 0x00007ff94bdcd000 	C:\WINDOWS\SYSTEM32\WINMMBASE.dll
0x00007ff95aec0000 - 0x00007ff95af0a000 	C:\WINDOWS\System32\cfgmgr32.dll
0x000000006b8c0000 - 0x000000006b8cf000 	F:\JDK\jre\bin\verify.dll
0x000000006aee0000 - 0x000000006af09000 	F:\JDK\jre\bin\java.dll
0x000000006aec0000 - 0x000000006aed6000 	F:\JDK\jre\bin\zip.dll
0x00007ff95bc60000 - 0x00007ff95c345000 	C:\WINDOWS\System32\SHELL32.dll
0x00007ff95b130000 - 0x00007ff95b1d9000 	C:\WINDOWS\System32\shcore.dll
0x00007ff95a490000 - 0x00007ff95ac0e000 	C:\WINDOWS\System32\windows.storage.dll
0x00007ff959fd0000 - 0x00007ff959fef000 	C:\WINDOWS\System32\profapi.dll
0x00007ff959f80000 - 0x00007ff959fca000 	C:\WINDOWS\System32\powrprof.dll
0x00007ff959f50000 - 0x00007ff959f60000 	C:\WINDOWS\System32\UMPDC.dll
0x00007ff95bc00000 - 0x00007ff95bc52000 	C:\WINDOWS\System32\shlwapi.dll
0x00007ff959f60000 - 0x00007ff959f71000 	C:\WINDOWS\System32\kernel.appcore.dll
0x00007ff95a2a0000 - 0x00007ff95a2b7000 	C:\WINDOWS\System32\cryptsp.dll
0x000000006aea0000 - 0x000000006aeba000 	F:\JDK\jre\bin\net.dll
0x00007ff9597c0000 - 0x00007ff959827000 	C:\WINDOWS\system32\mswsock.dll
0x000000006ae80000 - 0x000000006ae91000 	F:\JDK\jre\bin\nio.dll
0x00007ff951e30000 - 0x00007ff951e56000 	C:\Users\97016\.gradle\native\29\windows-amd64\native-platform.dll
0x000000006ae70000 - 0x000000006ae7d000 	F:\JDK\jre\bin\management.dll
0x00007ff959330000 - 0x00007ff959363000 	C:\WINDOWS\system32\rsaenh.dll
0x00007ff95a2c0000 - 0x00007ff95a2e6000 	C:\WINDOWS\System32\bcrypt.dll
0x00007ff959e70000 - 0x00007ff959e95000 	C:\WINDOWS\SYSTEM32\USERENV.dll
0x00007ff959990000 - 0x00007ff95999c000 	C:\WINDOWS\SYSTEM32\CRYPTBASE.dll
0x00007ff9594d0000 - 0x00007ff95950a000 	C:\WINDOWS\SYSTEM32\IPHLPAPI.DLL
0x00007ff95bb60000 - 0x00007ff95bb68000 	C:\WINDOWS\System32\NSI.dll
0x00007ff950f40000 - 0x00007ff950f56000 	C:\WINDOWS\SYSTEM32\dhcpcsvc6.DLL
0x00007ff950ce0000 - 0x00007ff950cfc000 	C:\WINDOWS\SYSTEM32\dhcpcsvc.DLL
0x00007ff959510000 - 0x00007ff9595da000 	C:\WINDOWS\SYSTEM32\DNSAPI.dll
0x000000006ae40000 - 0x000000006ae64000 	F:\JDK\jre\bin\sunec.dll
0x00007ff94f490000 - 0x00007ff94f49a000 	C:\Windows\System32\rasadhlp.dll
0x00007ff950750000 - 0x00007ff9507c7000 	C:\WINDOWS\System32\fwpuclnt.dll
0x000000006ae30000 - 0x000000006ae3b000 	F:\JDK\jre\bin\sunmscapi.dll
0x00007ff95a0c0000 - 0x00007ff95a209000 	C:\WINDOWS\System32\CRYPT32.dll
0x00007ff959ff0000 - 0x00007ff95a002000 	C:\WINDOWS\System32\MSASN1.dll
0x00007ff958fb0000 - 0x00007ff958fe1000 	C:\WINDOWS\SYSTEM32\ntmarta.dll
0x00007ff951e10000 - 0x00007ff951e2e000 	C:\Users\97016\AppData\Local\Temp\native-platform5665837981266621353dir\native-platform.dll

VM Arguments:
jvm_args: -XX:MaxMetaspaceSize=256m -XX:+HeapDumpOnOutOfMemoryError -Xms256m -Xmx512m -Dfile.encoding=GBK -Duser.country=CN -Duser.language=zh -Duser.variant 
java_command: org.gradle.launcher.daemon.bootstrap.GradleDaemon 5.5
java_class_path (initial): C:\Users\97016\.gradle\wrapper\dists\gradle-5.5-all\byeise1led9a3w3p149d02kfj\gradle-5.5\lib\gradle-launcher-5.5.jar
Launcher Type: SUN_STANDARD

Environment Variables:
JAVA_HOME=F:\JDK
CLASSPATH=F:\BS\EducationApp\android\\gradle\wrapper\gradle-wrapper.jar
PATH=D:\app\leixinyi\product\12.1.0\dbhome_1\bin;C:\ProgramData\Oracle\Java\javapath;C:\Program Files\Intel\iCLS Client\;C:\WINDOWS\system32;C:\WINDOWS;C:\WINDOWS\System32\Wbem;C:\WINDOWS\System32\WindowsPowerShell\v1.0\;F:\JDK\bin;F:\JDK\jre\bin;F:\JDK\db\bin;"E:\tomcat\apache-tomcat-8.0.53\bin;";C:\Python27;C:\WINDOWS\System32\OpenSSH\;F:\MATLAB\bin\win32;F:\han\py\Scripts;C:\Program Files\Intel\WiFi\bin\;C:\Program Files\Common Files\Intel\WirelessCommon\;D:\apache-maven-3.0.5\bin;F:\android-sdk\platforms;F:\Git\cmd;F:\android-sdk\platform-tools;F:\android-sdk\tools;F:\nodejs\;C:\Program Files (x86)\Intel\Intel(R) Management Engine Components\DAL;C:\Program Files\Intel\Intel(R) Management Engine Components\DAL;F:\SVN\bin;C:\Users\97016\AppData\Local\Microsoft\WindowsApps;F:\nodejs\node_global;F:\vscode\Microsoft VS Code\bin;F:\android-sdk\platform-tools;
USERNAME=97016
OS=Windows_NT
PROCESSOR_IDENTIFIER=Intel64 Family 6 Model 78 Stepping 3, GenuineIntel



---------------  S Y S T E M  ---------------

OS: Windows 10.0 , 64 bit Build 18362 (10.0.18362.329)

CPU:total 4 (initial active 4) (2 cores per cpu, 2 threads per core) family 6 model 78 stepping 3, cmov, cx8, fxsr, mmx, sse, sse2, sse3, ssse3, sse4.1, sse4.2, popcnt, avx, avx2, aes, clmul, erms, 3dnowpref, lzcnt, ht, tsc, tscinvbit, bmi1, bmi2, adx

Memory: 4k page, physical 16671328k(1970496k free), swap 21914208k(7216k free)

vm_info: Java HotSpot(TM) 64-Bit Server VM (25.131-b11) for windows-amd64 JRE (1.8.0_131-b11), built on Mar 15 2017 01:23:53 by "java_re" with MS VC++ 10.0 (VS2010)

time: Tue Nov 19 23:50:13 2019
elapsed time: 2100 seconds (0d 0h 35m 0s)

